c:\users\kanherea\desktop\incremental_changes\multidemo\demos\multi_interface_demo\debug\win32.bsc
c:\users\kanherea\desktop\incremental_changes\multidemo\demos\multi_interface_demo\debug\vc142.pdb
c:\users\kanherea\desktop\incremental_changes\multidemo\demos\multi_interface_demo\debug\vc142.idb
c:\users\kanherea\desktop\incremental_changes\multidemo\demos\multi_interface_demo\debug\main.sbr
c:\users\kanherea\desktop\incremental_changes\multidemo\demos\multi_interface_demo\debug\timers.sbr
c:\users\kanherea\desktop\incremental_changes\multidemo\demos\multi_interface_demo\debug\tasks.sbr
c:\users\kanherea\desktop\incremental_changes\multidemo\demos\multi_interface_demo\debug\queue.sbr
c:\users\kanherea\desktop\incremental_changes\multidemo\demos\multi_interface_demo\debug\port.sbr
c:\users\kanherea\desktop\incremental_changes\multidemo\demos\multi_interface_demo\debug\heap_4.sbr
c:\users\kanherea\desktop\incremental_changes\multidemo\demos\multi_interface_demo\debug\list.sbr
c:\users\kanherea\desktop\incremental_changes\multidemo\demos\multi_interface_demo\debug\event_groups.sbr
c:\users\kanherea\desktop\incremental_changes\multidemo\demos\multi_interface_demo\debug\networkinterface.sbr
c:\users\kanherea\desktop\incremental_changes\multidemo\demos\multi_interface_demo\debug\bufferallocation_2.sbr
c:\users\kanherea\desktop\incremental_changes\multidemo\demos\multi_interface_demo\debug\freertos_udp_ip.sbr
c:\users\kanherea\desktop\incremental_changes\multidemo\demos\multi_interface_demo\debug\freertos_tcp_win.sbr
c:\users\kanherea\desktop\incremental_changes\multidemo\demos\multi_interface_demo\debug\freertos_tcp_ip.sbr
c:\users\kanherea\desktop\incremental_changes\multidemo\demos\multi_interface_demo\debug\freertos_stream_buffer.sbr
c:\users\kanherea\desktop\incremental_changes\multidemo\demos\multi_interface_demo\debug\freertos_sockets.sbr
c:\users\kanherea\desktop\incremental_changes\multidemo\demos\multi_interface_demo\debug\freertos_routing.sbr
c:\users\kanherea\desktop\incremental_changes\multidemo\demos\multi_interface_demo\debug\freertos_ra.sbr
c:\users\kanherea\desktop\incremental_changes\multidemo\demos\multi_interface_demo\debug\freertos_nd.sbr
c:\users\kanherea\desktop\incremental_changes\multidemo\demos\multi_interface_demo\debug\freertos_ip.sbr
c:\users\kanherea\desktop\incremental_changes\multidemo\demos\multi_interface_demo\debug\freertos_dns.sbr
c:\users\kanherea\desktop\incremental_changes\multidemo\demos\multi_interface_demo\debug\freertos_dns.obj
c:\users\kanherea\desktop\incremental_changes\multidemo\demos\multi_interface_demo\debug\freertos_ip.obj
c:\users\kanherea\desktop\incremental_changes\multidemo\demos\multi_interface_demo\debug\freertos_nd.obj
c:\users\kanherea\desktop\incremental_changes\multidemo\demos\multi_interface_demo\debug\freertos_ra.obj
c:\users\kanherea\desktop\incremental_changes\multidemo\demos\multi_interface_demo\debug\freertos_routing.obj
c:\users\kanherea\desktop\incremental_changes\multidemo\demos\multi_interface_demo\debug\freertos_sockets.obj
c:\users\kanherea\desktop\incremental_changes\multidemo\demos\multi_interface_demo\debug\freertos_stream_buffer.obj
c:\users\kanherea\desktop\incremental_changes\multidemo\demos\multi_interface_demo\debug\freertos_tcp_ip.obj
c:\users\kanherea\desktop\incremental_changes\multidemo\demos\multi_interface_demo\debug\freertos_tcp_win.obj
c:\users\kanherea\desktop\incremental_changes\multidemo\demos\multi_interface_demo\debug\freertos_udp_ip.obj
c:\users\kanherea\desktop\incremental_changes\multidemo\demos\multi_interface_demo\debug\bufferallocation_2.obj
c:\users\kanherea\desktop\incremental_changes\multidemo\demos\multi_interface_demo\debug\networkinterface.obj
c:\users\kanherea\desktop\incremental_changes\multidemo\demos\multi_interface_demo\debug\event_groups.obj
c:\users\kanherea\desktop\incremental_changes\multidemo\demos\multi_interface_demo\debug\list.obj
c:\users\kanherea\desktop\incremental_changes\multidemo\demos\multi_interface_demo\debug\heap_4.obj
c:\users\kanherea\desktop\incremental_changes\multidemo\demos\multi_interface_demo\debug\port.obj
c:\users\kanherea\desktop\incremental_changes\multidemo\demos\multi_interface_demo\debug\queue.obj
c:\users\kanherea\desktop\incremental_changes\multidemo\demos\multi_interface_demo\debug\tasks.obj
c:\users\kanherea\desktop\incremental_changes\multidemo\demos\multi_interface_demo\debug\timers.obj
c:\users\kanherea\desktop\incremental_changes\multidemo\demos\multi_interface_demo\debug\main.obj
c:\users\kanherea\desktop\incremental_changes\multidemo\demos\multi_interface_demo\debug\freertos_dhcp.sbr
c:\users\kanherea\desktop\incremental_changes\multidemo\demos\multi_interface_demo\debug\freertos_arp.sbr
c:\users\kanherea\desktop\incremental_changes\multidemo\demos\multi_interface_demo\debug\freertos_arp.obj
c:\users\kanherea\desktop\incremental_changes\multidemo\demos\multi_interface_demo\debug\freertos_dhcp.obj
c:\users\kanherea\desktop\incremental_changes\multidemo\demos\multi_interface_demo\debug\rtosdemo.ilk
c:\users\kanherea\desktop\incremental_changes\multidemo\demos\multi_interface_demo\debug\rtosdemo.exe
c:\users\kanherea\desktop\incremental_changes\multidemo\demos\multi_interface_demo\debug\win32.pdb
c:\users\kanherea\desktop\incremental_changes\multidemo\demos\multi_interface_demo\debug\rtosdemo.tlog\bscmake.command.1.tlog
c:\users\kanherea\desktop\incremental_changes\multidemo\demos\multi_interface_demo\debug\rtosdemo.tlog\bscmake.read.1.tlog
c:\users\kanherea\desktop\incremental_changes\multidemo\demos\multi_interface_demo\debug\rtosdemo.tlog\bscmake.write.1.tlog
c:\users\kanherea\desktop\incremental_changes\multidemo\demos\multi_interface_demo\debug\rtosdemo.tlog\cl.command.1.tlog
c:\users\kanherea\desktop\incremental_changes\multidemo\demos\multi_interface_demo\debug\rtosdemo.tlog\cl.read.1.tlog
c:\users\kanherea\desktop\incremental_changes\multidemo\demos\multi_interface_demo\debug\rtosdemo.tlog\cl.write.1.tlog
c:\users\kanherea\desktop\incremental_changes\multidemo\demos\multi_interface_demo\debug\rtosdemo.tlog\link.command.1.tlog
c:\users\kanherea\desktop\incremental_changes\multidemo\demos\multi_interface_demo\debug\rtosdemo.tlog\link.read.1.tlog
c:\users\kanherea\desktop\incremental_changes\multidemo\demos\multi_interface_demo\debug\rtosdemo.tlog\link.write.1.tlog
